<?xml version="1.0" encoding="UTF-8"?>
<!-- Generated by org.testng.reporters.JUnitReportReporter -->
<testsuite hostname="Jaya" failures="0" tests="1" name="TestPack.VerifyCreateNewAccount" time="2.689" errors="0" timestamp="2023-10-14T19:42:30 IST" skipped="0">
  <testcase classname="TestPack.VerifyCreateNewAccount" name="verifyCreateNewAccountButton" time="2.689"/>
</testsuite> <!-- TestPack.VerifyCreateNewAccount -->
