<?xml version="1.0" encoding="UTF-8"?>
<!-- Generated by org.testng.reporters.JUnitReportReporter -->
<testsuite hostname="Jaya" failures="0" tests="1" name="TestPack.VerifyCreateNewAccount" time="1.769" errors="0" timestamp="2023-10-10T17:32:11 IST" skipped="0">
  <testcase classname="TestPack.VerifyCreateNewAccount" name="verifyCreateNewAccountButton" time="1.769"/>
</testsuite> <!-- TestPack.VerifyCreateNewAccount -->
