<?xml version="1.0" encoding="UTF-8"?>
<!-- Generated by org.testng.reporters.JUnitReportReporter -->
<testsuite hostname="Jaya" failures="0" tests="1" name="TestPack.VerifyCreateNewAccount" time="3.448" errors="0" timestamp="2023-10-17T20:57:10 IST" skipped="0">
  <testcase classname="TestPack.VerifyCreateNewAccount" name="verifyCreateNewAccountButton" time="3.448"/>
</testsuite> <!-- TestPack.VerifyCreateNewAccount -->
